[14056:15984:0817/161241.655:INFO:CONSOLE(67)] "[snhb](64ms): Automatic auction starting disabled. Use snhb.snhb.getAllAvailableAdUnitNames() and snhb.startAuction([adUnitNames]) to manually start auctions.", source: https://cdn.snigelweb.com/pub/w3schools.com/20200508/T3/snhb-w3schools.com.min.js?202008131600 (67)
[14056:15984:0817/161241.657:INFO:CONSOLE(67)] "[snhb](66ms): There is already an auction running, currently unable to start a new auction for  sidebar_sticky,mid_content", source: https://cdn.snigelweb.com/pub/w3schools.com/20200508/T3/snhb-w3schools.com.min.js?202008131600 (67)
[14056:15984:0817/161241.693:INFO:CONSOLE(3)] "fun-hooks: referenced 'registerAdserver' but it was never created", source: https://cdn.snigelweb.com/prebid/latest/prebid.js (3)
[14056:15984:0817/161241.904:INFO:CONSOLE(0)] "Access to XMLHttpRequest at 'https://i.connectad.io/api/v2' from origin 'https://www.w3schools.com' has been blocked by CORS policy: No 'Access-Control-Allow-Origin' header is present on the requested resource.", source: https://www.w3schools.com/html/html_tables.asp (0)
[14056:15984:0817/161244.633:INFO:CONSOLE(0)] "Access to XMLHttpRequest at 'https://i.connectad.io/api/v2' from origin 'https://www.w3schools.com' has been blocked by CORS policy: No 'Access-Control-Allow-Origin' header is present on the requested resource.", source: https://www.w3schools.com/html/html_tables.asp (0)
[14056:15984:0817/161246.953:INFO:CONSOLE(422)] "Powered by AMP ⚡ HTML – Version 2008102328000 https://www.w3schools.com/html/html_tables.asp", source: https://cdn.ampproject.org/rtv/012008102328000/amp4ads-v0.js (422)
[14056:15984:0817/161246.961:INFO:CONSOLE(422)] "Powered by AMP ⚡ HTML – Version 2008102328000 https://www.w3schools.com/html/html_tables.asp", source: https://cdn.ampproject.org/rtv/012008102328000/amp4ads-v0.js (422)
[14056:15984:0817/161247.075:INFO:CONSOLE(0)] "A cookie associated with a cross-site resource at http://yahoo.com/ was set without the `SameSite` attribute. A future release of Chrome will only deliver cookies with cross-site requests if they are set with `SameSite=None` and `Secure`. You can review cookies in developer tools under Application>Storage>Cookies and see more details at https://www.chromestatus.com/feature/5088147346030592 and https://www.chromestatus.com/feature/5633521622188032.", source: https://www.w3schools.com/html/html_tables.asp (0)
[14056:15984:0817/161247.075:INFO:CONSOLE(0)] "A cookie associated with a cross-site resource at https://yahoo.com/ was set without the `SameSite` attribute. A future release of Chrome will only deliver cookies with cross-site requests if they are set with `SameSite=None` and `Secure`. You can review cookies in developer tools under Application>Storage>Cookies and see more details at https://www.chromestatus.com/feature/5088147346030592 and https://www.chromestatus.com/feature/5633521622188032.", source: https://www.w3schools.com/html/html_tables.asp (0)
[14056:15984:0817/161247.309:INFO:CONSOLE(21)] "[amp-analytics/transport] Response unparseable or failed to send image request https://securepubads.g.doubleclick.net/pcs/view?xai=AKAOjsv5D3U_ETKCCAxMWqYuY-hVFnTKixWf0whBExyjZytCXuUcmn13KkwizXU7jBv39mBJvCaOCPcQKidtM3P2lV_g9yJCxuDOqWHW3kE_W9MfxMwEymcuYkSNoYacJUlmzH83B9oFOWaY381zmpJ9zh3W_au1qzIvHHK_tVj6xnTfE29GdYvorgsPkQuOV9M3dprdPB80UJyfUoQDLZM57J-Qjnzp1hgrxLLdOtrKaTmdwkwFP2PM2k6dGGq66h0Xzp2zXIMVcjKrkVm1b_cXDfXW-EjW5jab32UhMHXX1-rgRdQH&sig=Cg0ArKJSzEEuVXhEwkoUEAE&adurl=", source: https://cdn.ampproject.org/rtv/012008102328000/amp4ads-v0.js (21)
[14056:15984:0817/161247.441:INFO:CONSOLE(0)] "A cookie associated with a cross-site resource at https://simpli.fi/ was set without the `SameSite` attribute. A future release of Chrome will only deliver cookies with cross-site requests if they are set with `SameSite=None` and `Secure`. You can review cookies in developer tools under Application>Storage>Cookies and see more details at https://www.chromestatus.com/feature/5088147346030592 and https://www.chromestatus.com/feature/5633521622188032.", source: https://www.w3schools.com/html/html_tables.asp (0)
[14056:15984:0817/161248.636:INFO:CONSOLE(0)] "A cookie associated with a cross-site resource at http://emerse.com/ was set without the `SameSite` attribute. A future release of Chrome will only deliver cookies with cross-site requests if they are set with `SameSite=None` and `Secure`. You can review cookies in developer tools under Application>Storage>Cookies and see more details at https://www.chromestatus.com/feature/5088147346030592 and https://www.chromestatus.com/feature/5633521622188032.", source: https://www.w3schools.com/html/html_tables.asp (0)
[14056:15984:0817/161249.344:INFO:CONSOLE(0)] "A cookie associated with a cross-site resource at http://extend.tv/ was set without the `SameSite` attribute. A future release of Chrome will only deliver cookies with cross-site requests if they are set with `SameSite=None` and `Secure`. You can review cookies in developer tools under Application>Storage>Cookies and see more details at https://www.chromestatus.com/feature/5088147346030592 and https://www.chromestatus.com/feature/5633521622188032.", source: https://www.w3schools.com/html/html_tables.asp (0)
[14056:15984:0817/161251.426:INFO:CONSOLE(0)] "A cookie associated with a cross-site resource at http://tribalfusion.com/ was set without the `SameSite` attribute. A future release of Chrome will only deliver cookies with cross-site requests if they are set with `SameSite=None` and `Secure`. You can review cookies in developer tools under Application>Storage>Cookies and see more details at https://www.chromestatus.com/feature/5088147346030592 and https://www.chromestatus.com/feature/5633521622188032.", source: https://www.w3schools.com/html/html_tables.asp (0)
[14056:15984:0817/161331.395:INFO:CONSOLE(6)] "This ad's html cannot be accessed using the getHtml method on googletag.Slot. Returning the empty string instead.", source: https://securepubads.g.doubleclick.net/gpt/pubads_impl_2020081301.js (6)
[14056:15984:0817/161331.395:INFO:CONSOLE(6)] "This ad's html cannot be accessed using the getHtml method on googletag.Slot. Returning the empty string instead.", source: https://securepubads.g.doubleclick.net/gpt/pubads_impl_2020081301.js (6)
[14056:15984:0817/161331.395:INFO:CONSOLE(6)] "This ad's html cannot be accessed using the getHtml method on googletag.Slot. Returning the empty string instead.", source: https://securepubads.g.doubleclick.net/gpt/pubads_impl_2020081301.js (6)
[14056:15984:0817/161331.395:INFO:CONSOLE(6)] "This ad's html cannot be accessed using the getHtml method on googletag.Slot. Returning the empty string instead.", source: https://securepubads.g.doubleclick.net/gpt/pubads_impl_2020081301.js (6)
[14056:15984:0817/161331.395:INFO:CONSOLE(6)] "This ad's html cannot be accessed using the getHtml method on googletag.Slot. Returning the empty string instead.", source: https://securepubads.g.doubleclick.net/gpt/pubads_impl_2020081301.js (6)
[14056:15984:0817/161331.395:INFO:CONSOLE(6)] "This ad's html cannot be accessed using the getHtml method on googletag.Slot. Returning the empty string instead.", source: https://securepubads.g.doubleclick.net/gpt/pubads_impl_2020081301.js (6)
[14056:15984:0817/161331.395:INFO:CONSOLE(6)] "This ad's html cannot be accessed using the getHtml method on googletag.Slot. Returning the empty string instead.", source: https://securepubads.g.doubleclick.net/gpt/pubads_impl_2020081301.js (6)
[14056:15984:0817/161331.395:INFO:CONSOLE(6)] "This ad's html cannot be accessed using the getHtml method on googletag.Slot. Returning the empty string instead.", source: https://securepubads.g.doubleclick.net/gpt/pubads_impl_2020081301.js (6)
[14056:15984:0817/161331.396:INFO:CONSOLE(6)] "This ad's html cannot be accessed using the getHtml method on googletag.Slot. Returning the empty string instead.", source: https://securepubads.g.doubleclick.net/gpt/pubads_impl_2020081301.js (6)
[14056:15984:0817/161331.396:INFO:CONSOLE(6)] "This ad's html cannot be accessed using the getHtml method on googletag.Slot. Returning the empty string instead.", source: https://securepubads.g.doubleclick.net/gpt/pubads_impl_2020081301.js (6)
[14056:15984:0817/161331.396:INFO:CONSOLE(6)] "This ad's html cannot be accessed using the getHtml method on googletag.Slot. Returning the empty string instead.", source: https://securepubads.g.doubleclick.net/gpt/pubads_impl_2020081301.js (6)
[14056:15984:0817/161331.396:INFO:CONSOLE(6)] "This ad's html cannot be accessed using the getHtml method on googletag.Slot. Returning the empty string instead.", source: https://securepubads.g.doubleclick.net/gpt/pubads_impl_2020081301.js (6)
[14056:15984:0817/161331.396:INFO:CONSOLE(6)] "This ad's html cannot be accessed using the getHtml method on googletag.Slot. Returning the empty string instead.", source: https://securepubads.g.doubleclick.net/gpt/pubads_impl_2020081301.js (6)
[14056:15984:0817/161331.396:INFO:CONSOLE(6)] "This ad's html cannot be accessed using the getHtml method on googletag.Slot. Returning the empty string instead.", source: https://securepubads.g.doubleclick.net/gpt/pubads_impl_2020081301.js (6)
[14056:15984:0817/161331.396:INFO:CONSOLE(6)] "This ad's html cannot be accessed using the getHtml method on googletag.Slot. Returning the empty string instead.", source: https://securepubads.g.doubleclick.net/gpt/pubads_impl_2020081301.js (6)
[14056:15984:0817/161331.397:INFO:CONSOLE(6)] "This ad's html cannot be accessed using the getHtml method on googletag.Slot. Returning the empty string instead.", source: https://securepubads.g.doubleclick.net/gpt/pubads_impl_2020081301.js (6)
[14056:15984:0817/161331.397:INFO:CONSOLE(6)] "This ad's html cannot be accessed using the getHtml method on googletag.Slot. Returning the empty string instead.", source: https://securepubads.g.doubleclick.net/gpt/pubads_impl_2020081301.js (6)
[14056:15984:0817/161331.397:INFO:CONSOLE(6)] "This ad's html cannot be accessed using the getHtml method on googletag.Slot. Returning the empty string instead.", source: https://securepubads.g.doubleclick.net/gpt/pubads_impl_2020081301.js (6)
[14056:15984:0817/161504.381:INFO:CONSOLE(6)] "This ad's html cannot be accessed using the getHtml method on googletag.Slot. Returning the empty string instead.", source: https://securepubads.g.doubleclick.net/gpt/pubads_impl_2020081301.js (6)
[14056:15984:0817/161504.382:INFO:CONSOLE(6)] "This ad's html cannot be accessed using the getHtml method on googletag.Slot. Returning the empty string instead.", source: https://securepubads.g.doubleclick.net/gpt/pubads_impl_2020081301.js (6)
[14056:15984:0817/161504.382:INFO:CONSOLE(6)] "This ad's html cannot be accessed using the getHtml method on googletag.Slot. Returning the empty string instead.", source: https://securepubads.g.doubleclick.net/gpt/pubads_impl_2020081301.js (6)
[14056:15984:0817/161504.382:INFO:CONSOLE(6)] "This ad's html cannot be accessed using the getHtml method on googletag.Slot. Returning the empty string instead.", source: https://securepubads.g.doubleclick.net/gpt/pubads_impl_2020081301.js (6)
[14056:15984:0817/161504.382:INFO:CONSOLE(6)] "This ad's html cannot be accessed using the getHtml method on googletag.Slot. Returning the empty string instead.", source: https://securepubads.g.doubleclick.net/gpt/pubads_impl_2020081301.js (6)
[14056:15984:0817/161504.382:INFO:CONSOLE(6)] "This ad's html cannot be accessed using the getHtml method on googletag.Slot. Returning the empty string instead.", source: https://securepubads.g.doubleclick.net/gpt/pubads_impl_2020081301.js (6)
[14056:15984:0817/161504.382:INFO:CONSOLE(6)] "This ad's html cannot be accessed using the getHtml method on googletag.Slot. Returning the empty string instead.", source: https://securepubads.g.doubleclick.net/gpt/pubads_impl_2020081301.js (6)
[14056:15984:0817/161504.382:INFO:CONSOLE(6)] "This ad's html cannot be accessed using the getHtml method on googletag.Slot. Returning the empty string instead.", source: https://securepubads.g.doubleclick.net/gpt/pubads_impl_2020081301.js (6)
[14056:15984:0817/161504.383:INFO:CONSOLE(6)] "This ad's html cannot be accessed using the getHtml method on googletag.Slot. Returning the empty string instead.", source: https://securepubads.g.doubleclick.net/gpt/pubads_impl_2020081301.js (6)
[14056:15984:0817/161504.383:INFO:CONSOLE(6)] "This ad's html cannot be accessed using the getHtml method on googletag.Slot. Returning the empty string instead.", source: https://securepubads.g.doubleclick.net/gpt/pubads_impl_2020081301.js (6)
[14056:15984:0817/161504.383:INFO:CONSOLE(6)] "This ad's html cannot be accessed using the getHtml method on googletag.Slot. Returning the empty string instead.", source: https://securepubads.g.doubleclick.net/gpt/pubads_impl_2020081301.js (6)
[14056:15984:0817/161504.383:INFO:CONSOLE(6)] "This ad's html cannot be accessed using the getHtml method on googletag.Slot. Returning the empty string instead.", source: https://securepubads.g.doubleclick.net/gpt/pubads_impl_2020081301.js (6)
[14056:15984:0817/161504.383:INFO:CONSOLE(6)] "This ad's html cannot be accessed using the getHtml method on googletag.Slot. Returning the empty string instead.", source: https://securepubads.g.doubleclick.net/gpt/pubads_impl_2020081301.js (6)
[14056:15984:0817/161504.383:INFO:CONSOLE(6)] "This ad's html cannot be accessed using the getHtml method on googletag.Slot. Returning the empty string instead.", source: https://securepubads.g.doubleclick.net/gpt/pubads_impl_2020081301.js (6)
[14056:15984:0817/161504.383:INFO:CONSOLE(6)] "This ad's html cannot be accessed using the getHtml method on googletag.Slot. Returning the empty string instead.", source: https://securepubads.g.doubleclick.net/gpt/pubads_impl_2020081301.js (6)
[14056:15984:0817/161504.383:INFO:CONSOLE(6)] "This ad's html cannot be accessed using the getHtml method on googletag.Slot. Returning the empty string instead.", source: https://securepubads.g.doubleclick.net/gpt/pubads_impl_2020081301.js (6)
[14056:15984:0817/161504.384:INFO:CONSOLE(6)] "This ad's html cannot be accessed using the getHtml method on googletag.Slot. Returning the empty string instead.", source: https://securepubads.g.doubleclick.net/gpt/pubads_impl_2020081301.js (6)
[14056:15984:0817/161504.384:INFO:CONSOLE(6)] "This ad's html cannot be accessed using the getHtml method on googletag.Slot. Returning the empty string instead.", source: https://securepubads.g.doubleclick.net/gpt/pubads_impl_2020081301.js (6)
[14056:15984:0817/161504.964:INFO:CONSOLE(0)] "Access to XMLHttpRequest at 'https://i.connectad.io/api/v2' from origin 'https://www.w3schools.com' has been blocked by CORS policy: No 'Access-Control-Allow-Origin' header is present on the requested resource.", source: https://www.w3schools.com/html/html_tables.asp (0)
[14056:15984:0817/161509.703:WARNING:CONSOLE(0)] "HTML Imports is deprecated and will be removed in M80, around February 2020. Please use ES modules instead. See https://www.chromestatus.com/features/5144752345317376 and https://developers.google.com/web/updates/2019/07/web-components-time-to-upgrade for more details.", source:  (0)
[14056:15984:0817/161537.372:INFO:CONSOLE(6)] "This ad's html cannot be accessed using the getHtml method on googletag.Slot. Returning the empty string instead.", source: https://securepubads.g.doubleclick.net/gpt/pubads_impl_2020081301.js (6)
[14056:15984:0817/161537.372:INFO:CONSOLE(6)] "This ad's html cannot be accessed using the getHtml method on googletag.Slot. Returning the empty string instead.", source: https://securepubads.g.doubleclick.net/gpt/pubads_impl_2020081301.js (6)
[14056:15984:0817/161537.372:INFO:CONSOLE(6)] "This ad's html cannot be accessed using the getHtml method on googletag.Slot. Returning the empty string instead.", source: https://securepubads.g.doubleclick.net/gpt/pubads_impl_2020081301.js (6)
[14056:15984:0817/161537.372:INFO:CONSOLE(6)] "This ad's html cannot be accessed using the getHtml method on googletag.Slot. Returning the empty string instead.", source: https://securepubads.g.doubleclick.net/gpt/pubads_impl_2020081301.js (6)
[14056:15984:0817/161537.372:INFO:CONSOLE(6)] "This ad's html cannot be accessed using the getHtml method on googletag.Slot. Returning the empty string instead.", source: https://securepubads.g.doubleclick.net/gpt/pubads_impl_2020081301.js (6)
[14056:15984:0817/161537.372:INFO:CONSOLE(6)] "This ad's html cannot be accessed using the getHtml method on googletag.Slot. Returning the empty string instead.", source: https://securepubads.g.doubleclick.net/gpt/pubads_impl_2020081301.js (6)
[14056:15984:0817/161537.372:INFO:CONSOLE(6)] "This ad's html cannot be accessed using the getHtml method on googletag.Slot. Returning the empty string instead.", source: https://securepubads.g.doubleclick.net/gpt/pubads_impl_2020081301.js (6)
[14056:15984:0817/161537.373:INFO:CONSOLE(6)] "This ad's html cannot be accessed using the getHtml method on googletag.Slot. Returning the empty string instead.", source: https://securepubads.g.doubleclick.net/gpt/pubads_impl_2020081301.js (6)
[14056:15984:0817/161537.373:INFO:CONSOLE(6)] "This ad's html cannot be accessed using the getHtml method on googletag.Slot. Returning the empty string instead.", source: https://securepubads.g.doubleclick.net/gpt/pubads_impl_2020081301.js (6)
[14056:15984:0817/161537.373:INFO:CONSOLE(6)] "This ad's html cannot be accessed using the getHtml method on googletag.Slot. Returning the empty string instead.", source: https://securepubads.g.doubleclick.net/gpt/pubads_impl_2020081301.js (6)
[14056:15984:0817/161537.373:INFO:CONSOLE(6)] "This ad's html cannot be accessed using the getHtml method on googletag.Slot. Returning the empty string instead.", source: https://securepubads.g.doubleclick.net/gpt/pubads_impl_2020081301.js (6)
[14056:15984:0817/161537.373:INFO:CONSOLE(6)] "This ad's html cannot be accessed using the getHtml method on googletag.Slot. Returning the empty string instead.", source: https://securepubads.g.doubleclick.net/gpt/pubads_impl_2020081301.js (6)
[14056:15984:0817/161537.373:INFO:CONSOLE(6)] "This ad's html cannot be accessed using the getHtml method on googletag.Slot. Returning the empty string instead.", source: https://securepubads.g.doubleclick.net/gpt/pubads_impl_2020081301.js (6)
[14056:15984:0817/161537.373:INFO:CONSOLE(6)] "This ad's html cannot be accessed using the getHtml method on googletag.Slot. Returning the empty string instead.", source: https://securepubads.g.doubleclick.net/gpt/pubads_impl_2020081301.js (6)
[14056:15984:0817/161537.373:INFO:CONSOLE(6)] "This ad's html cannot be accessed using the getHtml method on googletag.Slot. Returning the empty string instead.", source: https://securepubads.g.doubleclick.net/gpt/pubads_impl_2020081301.js (6)
[14056:15984:0817/161537.374:INFO:CONSOLE(6)] "This ad's html cannot be accessed using the getHtml method on googletag.Slot. Returning the empty string instead.", source: https://securepubads.g.doubleclick.net/gpt/pubads_impl_2020081301.js (6)
[14056:15984:0817/161537.374:INFO:CONSOLE(6)] "This ad's html cannot be accessed using the getHtml method on googletag.Slot. Returning the empty string instead.", source: https://securepubads.g.doubleclick.net/gpt/pubads_impl_2020081301.js (6)
[14056:15984:0817/161537.374:INFO:CONSOLE(6)] "This ad's html cannot be accessed using the getHtml method on googletag.Slot. Returning the empty string instead.", source: https://securepubads.g.doubleclick.net/gpt/pubads_impl_2020081301.js (6)
[14056:15984:0817/161539.334:INFO:CONSOLE(6)] "This ad's html cannot be accessed using the getHtml method on googletag.Slot. Returning the empty string instead.", source: https://securepubads.g.doubleclick.net/gpt/pubads_impl_2020081301.js (6)
[14056:15984:0817/161539.334:INFO:CONSOLE(6)] "This ad's html cannot be accessed using the getHtml method on googletag.Slot. Returning the empty string instead.", source: https://securepubads.g.doubleclick.net/gpt/pubads_impl_2020081301.js (6)
[14056:15984:0817/161539.334:INFO:CONSOLE(6)] "This ad's html cannot be accessed using the getHtml method on googletag.Slot. Returning the empty string instead.", source: https://securepubads.g.doubleclick.net/gpt/pubads_impl_2020081301.js (6)
[14056:15984:0817/161539.334:INFO:CONSOLE(6)] "This ad's html cannot be accessed using the getHtml method on googletag.Slot. Returning the empty string instead.", source: https://securepubads.g.doubleclick.net/gpt/pubads_impl_2020081301.js (6)
[14056:15984:0817/161539.335:INFO:CONSOLE(6)] "This ad's html cannot be accessed using the getHtml method on googletag.Slot. Returning the empty string instead.", source: https://securepubads.g.doubleclick.net/gpt/pubads_impl_2020081301.js (6)
[14056:15984:0817/161539.335:INFO:CONSOLE(6)] "This ad's html cannot be accessed using the getHtml method on googletag.Slot. Returning the empty string instead.", source: https://securepubads.g.doubleclick.net/gpt/pubads_impl_2020081301.js (6)
[14056:15984:0817/161539.335:INFO:CONSOLE(6)] "This ad's html cannot be accessed using the getHtml method on googletag.Slot. Returning the empty string instead.", source: https://securepubads.g.doubleclick.net/gpt/pubads_impl_2020081301.js (6)
[14056:15984:0817/161539.335:INFO:CONSOLE(6)] "This ad's html cannot be accessed using the getHtml method on googletag.Slot. Returning the empty string instead.", source: https://securepubads.g.doubleclick.net/gpt/pubads_impl_2020081301.js (6)
[14056:15984:0817/161539.335:INFO:CONSOLE(6)] "This ad's html cannot be accessed using the getHtml method on googletag.Slot. Returning the empty string instead.", source: https://securepubads.g.doubleclick.net/gpt/pubads_impl_2020081301.js (6)
[14056:15984:0817/161539.335:INFO:CONSOLE(6)] "This ad's html cannot be accessed using the getHtml method on googletag.Slot. Returning the empty string instead.", source: https://securepubads.g.doubleclick.net/gpt/pubads_impl_2020081301.js (6)
[14056:15984:0817/161539.335:INFO:CONSOLE(6)] "This ad's html cannot be accessed using the getHtml method on googletag.Slot. Returning the empty string instead.", source: https://securepubads.g.doubleclick.net/gpt/pubads_impl_2020081301.js (6)
[14056:15984:0817/161539.335:INFO:CONSOLE(6)] "This ad's html cannot be accessed using the getHtml method on googletag.Slot. Returning the empty string instead.", source: https://securepubads.g.doubleclick.net/gpt/pubads_impl_2020081301.js (6)
[14056:15984:0817/161539.336:INFO:CONSOLE(6)] "This ad's html cannot be accessed using the getHtml method on googletag.Slot. Returning the empty string instead.", source: https://securepubads.g.doubleclick.net/gpt/pubads_impl_2020081301.js (6)
[14056:15984:0817/161539.336:INFO:CONSOLE(6)] "This ad's html cannot be accessed using the getHtml method on googletag.Slot. Returning the empty string instead.", source: https://securepubads.g.doubleclick.net/gpt/pubads_impl_2020081301.js (6)
[14056:15984:0817/161539.336:INFO:CONSOLE(6)] "This ad's html cannot be accessed using the getHtml method on googletag.Slot. Returning the empty string instead.", source: https://securepubads.g.doubleclick.net/gpt/pubads_impl_2020081301.js (6)
[14056:15984:0817/161539.336:INFO:CONSOLE(6)] "This ad's html cannot be accessed using the getHtml method on googletag.Slot. Returning the empty string instead.", source: https://securepubads.g.doubleclick.net/gpt/pubads_impl_2020081301.js (6)
[14056:15984:0817/161539.336:INFO:CONSOLE(6)] "This ad's html cannot be accessed using the getHtml method on googletag.Slot. Returning the empty string instead.", source: https://securepubads.g.doubleclick.net/gpt/pubads_impl_2020081301.js (6)
[14056:15984:0817/161539.336:INFO:CONSOLE(6)] "This ad's html cannot be accessed using the getHtml method on googletag.Slot. Returning the empty string instead.", source: https://securepubads.g.doubleclick.net/gpt/pubads_impl_2020081301.js (6)
[14056:15984:0817/161539.897:INFO:CONSOLE(0)] "Access to XMLHttpRequest at 'https://i.connectad.io/api/v2' from origin 'https://www.w3schools.com' has been blocked by CORS policy: No 'Access-Control-Allow-Origin' header is present on the requested resource.", source: https://www.w3schools.com/html/html_tables.asp (0)
[14056:15984:0817/161544.468:INFO:CONSOLE(0)] "Mixed Content: The page at 'https://www.w3schools.com/' was loaded over HTTPS, but requested an insecure image 'http://cm.g.doubleclick.net/pixel?google_nid=spotxchange_dbm&google_hm=MGJkNTFjMWMtZTBiZS0xMWVhLWFkOGQtMTJkODA3ZmExNDAx'. This content should also be served over HTTPS.", source: https://googleads.g.doubleclick.net/xbbe/pixel?d=CJmDQRDH17MBGIv52kAwAQ&v=APEucNUkoQsXZV-9zvGIVV3TW1txhDbjfnWji0FNERYvxTz6vp9TqDRbgLTs4KOSjfTuCOv3I_B8tIpeAiE4GnwS31zkt37HWkOyBApp0SInKblfXXo0ZAxqRelTnJtPUMKh9kfpgsoOp2xa2mPCrnU1rrun7qtQk3UP4xbPC9bbcbWCKN0yy5H0kH6SVkx4rs4CxcgNEi2c (0)
[14056:15984:0817/161611.698:INFO:CONSOLE(6)] "This ad's html cannot be accessed using the getHtml method on googletag.Slot. Returning the empty string instead.", source: https://securepubads.g.doubleclick.net/gpt/pubads_impl_2020081301.js (6)
[14056:15984:0817/161611.698:INFO:CONSOLE(6)] "This ad's html cannot be accessed using the getHtml method on googletag.Slot. Returning the empty string instead.", source: https://securepubads.g.doubleclick.net/gpt/pubads_impl_2020081301.js (6)
[14056:15984:0817/161611.698:INFO:CONSOLE(6)] "This ad's html cannot be accessed using the getHtml method on googletag.Slot. Returning the empty string instead.", source: https://securepubads.g.doubleclick.net/gpt/pubads_impl_2020081301.js (6)
[14056:15984:0817/161611.698:INFO:CONSOLE(6)] "This ad's html cannot be accessed using the getHtml method on googletag.Slot. Returning the empty string instead.", source: https://securepubads.g.doubleclick.net/gpt/pubads_impl_2020081301.js (6)
[14056:15984:0817/161611.698:INFO:CONSOLE(6)] "This ad's html cannot be accessed using the getHtml method on googletag.Slot. Returning the empty string instead.", source: https://securepubads.g.doubleclick.net/gpt/pubads_impl_2020081301.js (6)
[14056:15984:0817/161611.698:INFO:CONSOLE(6)] "This ad's html cannot be accessed using the getHtml method on googletag.Slot. Returning the empty string instead.", source: https://securepubads.g.doubleclick.net/gpt/pubads_impl_2020081301.js (6)
[14056:15984:0817/161611.698:INFO:CONSOLE(6)] "This ad's html cannot be accessed using the getHtml method on googletag.Slot. Returning the empty string instead.", source: https://securepubads.g.doubleclick.net/gpt/pubads_impl_2020081301.js (6)
[14056:15984:0817/161611.698:INFO:CONSOLE(6)] "This ad's html cannot be accessed using the getHtml method on googletag.Slot. Returning the empty string instead.", source: https://securepubads.g.doubleclick.net/gpt/pubads_impl_2020081301.js (6)
[14056:15984:0817/161611.698:INFO:CONSOLE(6)] "This ad's html cannot be accessed using the getHtml method on googletag.Slot. Returning the empty string instead.", source: https://securepubads.g.doubleclick.net/gpt/pubads_impl_2020081301.js (6)
[14056:15984:0817/161611.699:INFO:CONSOLE(6)] "This ad's html cannot be accessed using the getHtml method on googletag.Slot. Returning the empty string instead.", source: https://securepubads.g.doubleclick.net/gpt/pubads_impl_2020081301.js (6)
[14056:15984:0817/161611.699:INFO:CONSOLE(6)] "This ad's html cannot be accessed using the getHtml method on googletag.Slot. Returning the empty string instead.", source: https://securepubads.g.doubleclick.net/gpt/pubads_impl_2020081301.js (6)
[14056:15984:0817/161611.699:INFO:CONSOLE(6)] "This ad's html cannot be accessed using the getHtml method on googletag.Slot. Returning the empty string instead.", source: https://securepubads.g.doubleclick.net/gpt/pubads_impl_2020081301.js (6)
[14056:15984:0817/161611.699:INFO:CONSOLE(6)] "This ad's html cannot be accessed using the getHtml method on googletag.Slot. Returning the empty string instead.", source: https://securepubads.g.doubleclick.net/gpt/pubads_impl_2020081301.js (6)
[14056:15984:0817/161611.699:INFO:CONSOLE(6)] "This ad's html cannot be accessed using the getHtml method on googletag.Slot. Returning the empty string instead.", source: https://securepubads.g.doubleclick.net/gpt/pubads_impl_2020081301.js (6)
[14056:15984:0817/161611.699:INFO:CONSOLE(6)] "This ad's html cannot be accessed using the getHtml method on googletag.Slot. Returning the empty string instead.", source: https://securepubads.g.doubleclick.net/gpt/pubads_impl_2020081301.js (6)
[14056:15984:0817/161611.699:INFO:CONSOLE(6)] "This ad's html cannot be accessed using the getHtml method on googletag.Slot. Returning the empty string instead.", source: https://securepubads.g.doubleclick.net/gpt/pubads_impl_2020081301.js (6)
[14056:15984:0817/161611.699:INFO:CONSOLE(6)] "This ad's html cannot be accessed using the getHtml method on googletag.Slot. Returning the empty string instead.", source: https://securepubads.g.doubleclick.net/gpt/pubads_impl_2020081301.js (6)
[14056:15984:0817/161611.699:INFO:CONSOLE(6)] "This ad's html cannot be accessed using the getHtml method on googletag.Slot. Returning the empty string instead.", source: https://securepubads.g.doubleclick.net/gpt/pubads_impl_2020081301.js (6)
[14056:15984:0817/161648.650:INFO:CONSOLE(0)] "Access to XMLHttpRequest at 'https://i.connectad.io/api/v2' from origin 'https://www.w3schools.com' has been blocked by CORS policy: No 'Access-Control-Allow-Origin' header is present on the requested resource.", source: https://www.w3schools.com/html/html_tables.asp (0)
[14056:15984:0817/161651.205:INFO:CONSOLE(422)] "Powered by AMP ⚡ HTML – Version 2008102328000 https://www.w3schools.com/html/html_tables.asp", source: https://cdn.ampproject.org/rtv/012008102328000/amp4ads-v0.js (422)
[18300:13000:0817/161936.999:ERROR:cache_util_win.cc(21)] Unable to move the cache: Access is denied. (0x5)
[18300:13000:0817/161937.014:ERROR:cache_util.cc(139)] Unable to move cache folder C:\Users\smurilogs\Google Drive\_projects\utility-etl\chrome-data\ShaderCache\GPUCache to C:\Users\smurilogs\Google Drive\_projects\utility-etl\chrome-data\ShaderCache\old_GPUCache_000
[18300:13000:0817/161937.020:ERROR:disk_cache.cc(184)] Unable to create cache
[18300:13000:0817/161937.025:ERROR:shader_disk_cache.cc(606)] Shader Cache Creation failed: -2
[14056:15984:0817/161953.403:WARNING:CONSOLE(0)] "A cookie associated with a cross-site resource at https://ogs.google.com/ was set without the `SameSite` attribute. A future release of Chrome will only deliver cookies with cross-site requests if they are set with `SameSite=None` and `Secure`. You can review cookies in developer tools under Application>Storage>Cookies and see more details at https://www.chromestatus.com/feature/5088147346030592 and https://www.chromestatus.com/feature/5633521622188032.", source: chrome-search://local-ntp/local-ntp.html (0)
[14056:15984:0817/162017.487:WARNING:CONSOLE(0)] "A cookie associated with a cross-site resource at https://ogs.google.com/ was set without the `SameSite` attribute. A future release of Chrome will only deliver cookies with cross-site requests if they are set with `SameSite=None` and `Secure`. You can review cookies in developer tools under Application>Storage>Cookies and see more details at https://www.chromestatus.com/feature/5088147346030592 and https://www.chromestatus.com/feature/5633521622188032.", source: chrome-search://local-ntp/local-ntp.html (0)
[14056:15984:0817/162019.787:INFO:CONSOLE(67)] "[snhb](65ms): Automatic auction starting disabled. Use snhb.snhb.getAllAvailableAdUnitNames() and snhb.startAuction([adUnitNames]) to manually start auctions.", source: https://cdn.snigelweb.com/pub/w3schools.com/20200508/T3/snhb-w3schools.com.min.js?202008131600 (67)
[14056:15984:0817/162019.788:INFO:CONSOLE(67)] "[snhb](66ms): There is already an auction running, currently unable to start a new auction for  sidebar_sticky,mid_content", source: https://cdn.snigelweb.com/pub/w3schools.com/20200508/T3/snhb-w3schools.com.min.js?202008131600 (67)
[14056:15984:0817/162019.818:INFO:CONSOLE(3)] "fun-hooks: referenced 'registerAdserver' but it was never created", source: https://cdn.snigelweb.com/prebid/latest/prebid.js (3)
[14056:15984:0817/162019.919:INFO:CONSOLE(0)] "Access to XMLHttpRequest at 'https://i.connectad.io/api/v2' from origin 'https://www.w3schools.com' has been blocked by CORS policy: No 'Access-Control-Allow-Origin' header is present on the requested resource.", source: https://www.w3schools.com/html/html_tables.asp (0)
[14056:15984:0817/162020.281:INFO:CONSOLE(1824)] "A", source: https://www.w3schools.com/html/html_tables.asp (1824)
[14056:15984:0817/162022.638:INFO:CONSOLE(422)] "Powered by AMP ⚡ HTML – Version 2008102328000 https://www.w3schools.com/html/html_tables.asp", source: https://cdn.ampproject.org/rtv/012008102328000/amp4ads-v0.js (422)
[14056:15984:0817/162022.691:INFO:CONSOLE(0)] "Access to XMLHttpRequest at 'https://i.connectad.io/api/v2' from origin 'https://www.w3schools.com' has been blocked by CORS policy: No 'Access-Control-Allow-Origin' header is present on the requested resource.", source: https://www.w3schools.com/html/html_tables.asp (0)
[14056:15984:0817/162023.990:INFO:CONSOLE(1)] "Particles:
	Renderer: Canvas
	Lifespan: 10
	Max particles: 200
	Particles per second: 20", source: https://s0.2mdn.net/3797665/1565126023599/banner.js (1)
[14056:15984:0817/162024.543:INFO:CONSOLE(422)] "Powered by AMP ⚡ HTML – Version 2008102328000 https://www.w3schools.com/html/html_tables.asp", source: https://cdn.ampproject.org/rtv/012008102328000/amp4ads-v0.js (422)
[14056:15984:0817/162024.559:INFO:CONSOLE(422)] "Powered by AMP ⚡ HTML – Version 2008102328000 https://www.w3schools.com/html/html_tables.asp", source: https://cdn.ampproject.org/rtv/012008102328000/amp4ads-v0.js (422)
[14056:15984:0817/162024.749:INFO:CONSOLE(21)] "[amp-analytics/transport] Response unparseable or failed to send image request https://securepubads.g.doubleclick.net/pcs/view?xai=AKAOjstwUZ5J6WCXBV6c9FTywDPWFk-K17iDEh7jjgDo3AF2ErD-f3dExQDC__6jFc3ZRPDpqpJPmnt7zLC-t-e8hxecleVgBHKs-WAZYhmc0Bj-4nKsk45sHVP3sJn5vbafd32RAJiKZtvRLHrTO0S5f7fh_ua-jXSDXHl8N5HfAMLGpcW94trfBc1wOfldTacwCgl4jvemRoqx4a0I3j3s-5vWDNsmssv_yG1pjNdJcAnWwa9-d28geFJ11D4yhdQtiB8cLlDU1t_fL_huJyIINO2sXXsCN0Ek1TXb_53Y__VGcQsK&sig=Cg0ArKJSzI3taY-UZg5lEAE&adurl=", source: https://cdn.ampproject.org/rtv/012008102328000/amp4ads-v0.js (21)
[14056:15984:0817/162024.896:INFO:CONSOLE(0)] "A cookie associated with a cross-site resource at https://simpli.fi/ was set without the `SameSite` attribute. A future release of Chrome will only deliver cookies with cross-site requests if they are set with `SameSite=None` and `Secure`. You can review cookies in developer tools under Application>Storage>Cookies and see more details at https://www.chromestatus.com/feature/5088147346030592 and https://www.chromestatus.com/feature/5633521622188032.", source: https://www.w3schools.com/html/html_tables.asp (0)
[14056:15984:0817/162025.063:INFO:CONSOLE(0)] "A cookie associated with a cross-site resource at http://yahoo.com/ was set without the `SameSite` attribute. A future release of Chrome will only deliver cookies with cross-site requests if they are set with `SameSite=None` and `Secure`. You can review cookies in developer tools under Application>Storage>Cookies and see more details at https://www.chromestatus.com/feature/5088147346030592 and https://www.chromestatus.com/feature/5633521622188032.", source: https://www.w3schools.com/html/html_tables.asp (0)
[14056:15984:0817/162025.063:INFO:CONSOLE(0)] "A cookie associated with a cross-site resource at https://yahoo.com/ was set without the `SameSite` attribute. A future release of Chrome will only deliver cookies with cross-site requests if they are set with `SameSite=None` and `Secure`. You can review cookies in developer tools under Application>Storage>Cookies and see more details at https://www.chromestatus.com/feature/5088147346030592 and https://www.chromestatus.com/feature/5633521622188032.", source: https://www.w3schools.com/html/html_tables.asp (0)
[14056:15984:0817/162052.650:INFO:CONSOLE(0)] "Access to XMLHttpRequest at 'https://i.connectad.io/api/v2' from origin 'https://www.w3schools.com' has been blocked by CORS policy: No 'Access-Control-Allow-Origin' header is present on the requested resource.", source: https://www.w3schools.com/html/html_tables.asp (0)
[14056:15984:0817/162055.124:INFO:CONSOLE(422)] "Powered by AMP ⚡ HTML – Version 2008102328000 https://www.w3schools.com/html/html_tables.asp", source: https://cdn.ampproject.org/rtv/012008102328000/amp4ads-v0.js (422)
[14056:15984:0817/162242.587:INFO:CONSOLE(6)] "This ad's html cannot be accessed using the getHtml method on googletag.Slot. Returning the empty string instead.", source: https://securepubads.g.doubleclick.net/gpt/pubads_impl_2020081301.js (6)
[14056:15984:0817/162242.587:INFO:CONSOLE(6)] "This ad's html cannot be accessed using the getHtml method on googletag.Slot. Returning the empty string instead.", source: https://securepubads.g.doubleclick.net/gpt/pubads_impl_2020081301.js (6)
[14056:15984:0817/162242.588:INFO:CONSOLE(6)] "This ad's html cannot be accessed using the getHtml method on googletag.Slot. Returning the empty string instead.", source: https://securepubads.g.doubleclick.net/gpt/pubads_impl_2020081301.js (6)
[14056:15984:0817/162242.588:INFO:CONSOLE(6)] "This ad's html cannot be accessed using the getHtml method on googletag.Slot. Returning the empty string instead.", source: https://securepubads.g.doubleclick.net/gpt/pubads_impl_2020081301.js (6)
[14056:15984:0817/162242.588:INFO:CONSOLE(6)] "This ad's html cannot be accessed using the getHtml method on googletag.Slot. Returning the empty string instead.", source: https://securepubads.g.doubleclick.net/gpt/pubads_impl_2020081301.js (6)
[14056:15984:0817/162242.588:INFO:CONSOLE(6)] "This ad's html cannot be accessed using the getHtml method on googletag.Slot. Returning the empty string instead.", source: https://securepubads.g.doubleclick.net/gpt/pubads_impl_2020081301.js (6)
[14056:15984:0817/162242.589:INFO:CONSOLE(6)] "This ad's html cannot be accessed using the getHtml method on googletag.Slot. Returning the empty string instead.", source: https://securepubads.g.doubleclick.net/gpt/pubads_impl_2020081301.js (6)
[14056:15984:0817/162242.589:INFO:CONSOLE(6)] "This ad's html cannot be accessed using the getHtml method on googletag.Slot. Returning the empty string instead.", source: https://securepubads.g.doubleclick.net/gpt/pubads_impl_2020081301.js (6)
[14056:15984:0817/162242.589:INFO:CONSOLE(6)] "This ad's html cannot be accessed using the getHtml method on googletag.Slot. Returning the empty string instead.", source: https://securepubads.g.doubleclick.net/gpt/pubads_impl_2020081301.js (6)
[14056:15984:0817/162242.589:INFO:CONSOLE(6)] "This ad's html cannot be accessed using the getHtml method on googletag.Slot. Returning the empty string instead.", source: https://securepubads.g.doubleclick.net/gpt/pubads_impl_2020081301.js (6)
[14056:15984:0817/162242.589:INFO:CONSOLE(6)] "This ad's html cannot be accessed using the getHtml method on googletag.Slot. Returning the empty string instead.", source: https://securepubads.g.doubleclick.net/gpt/pubads_impl_2020081301.js (6)
[14056:15984:0817/162242.589:INFO:CONSOLE(6)] "This ad's html cannot be accessed using the getHtml method on googletag.Slot. Returning the empty string instead.", source: https://securepubads.g.doubleclick.net/gpt/pubads_impl_2020081301.js (6)
[14056:15984:0817/162242.589:INFO:CONSOLE(6)] "This ad's html cannot be accessed using the getHtml method on googletag.Slot. Returning the empty string instead.", source: https://securepubads.g.doubleclick.net/gpt/pubads_impl_2020081301.js (6)
[14056:15984:0817/162242.590:INFO:CONSOLE(6)] "This ad's html cannot be accessed using the getHtml method on googletag.Slot. Returning the empty string instead.", source: https://securepubads.g.doubleclick.net/gpt/pubads_impl_2020081301.js (6)
[14056:15984:0817/162242.590:INFO:CONSOLE(6)] "This ad's html cannot be accessed using the getHtml method on googletag.Slot. Returning the empty string instead.", source: https://securepubads.g.doubleclick.net/gpt/pubads_impl_2020081301.js (6)
[14056:15984:0817/162242.590:INFO:CONSOLE(6)] "This ad's html cannot be accessed using the getHtml method on googletag.Slot. Returning the empty string instead.", source: https://securepubads.g.doubleclick.net/gpt/pubads_impl_2020081301.js (6)
[14056:15984:0817/162242.590:INFO:CONSOLE(6)] "This ad's html cannot be accessed using the getHtml method on googletag.Slot. Returning the empty string instead.", source: https://securepubads.g.doubleclick.net/gpt/pubads_impl_2020081301.js (6)
[14056:15984:0817/162242.590:INFO:CONSOLE(6)] "This ad's html cannot be accessed using the getHtml method on googletag.Slot. Returning the empty string instead.", source: https://securepubads.g.doubleclick.net/gpt/pubads_impl_2020081301.js (6)
[14056:15984:0817/162425.100:INFO:CONSOLE(0)] "Access to XMLHttpRequest at 'https://i.connectad.io/api/v2' from origin 'https://www.w3schools.com' has been blocked by CORS policy: No 'Access-Control-Allow-Origin' header is present on the requested resource.", source: https://www.w3schools.com/html/html_tables.asp (0)
[14056:15984:0817/162427.726:INFO:CONSOLE(422)] "Powered by AMP ⚡ HTML – Version 2008102328000 https://www.w3schools.com/html/html_tables.asp", source: https://cdn.ampproject.org/rtv/012008102328000/amp4ads-v0.js (422)
[14056:15984:0817/162427.930:INFO:CONSOLE(21)] "[amp-analytics/transport] Response unparseable or failed to send image request https://securepubads.g.doubleclick.net/pcs/view?xai=AKAOjssss1cDkN09C-BG-7qaR6r3CJMtXs13UWFNbJOAOtcj56WZGJsH2bBDNaiKjuPI0ESaU7iEptV4OxMFyKcFSpX0P2uHfqx0VTnLbVmYPD5PCoTzvkTYeAPa-AbZgX2jX-hbYoCeh1kIUWnyvWYnhQO4a41Qi1i-Y1Xcid2zMLylS5y0nX2fGY1LZq5D2GGHbz1lJlkmEPH8sXAHDR_FtTKrmpMZ4gaOw52w4mO_cWcn2M0JSAwMXHMQoXBbCJrP_7d0jWiNwgD4BD3KmNyp3aAC0T0-royGma2NmCD9qsv5lwuo&sig=Cg0ArKJSzMovfCzR4zTxEAE&adurl=", source: https://cdn.ampproject.org/rtv/012008102328000/amp4ads-v0.js (21)
[14056:15984:0817/162456.645:INFO:CONSOLE(0)] "Access to XMLHttpRequest at 'https://i.connectad.io/api/v2' from origin 'https://www.w3schools.com' has been blocked by CORS policy: No 'Access-Control-Allow-Origin' header is present on the requested resource.", source: https://www.w3schools.com/html/html_tables.asp (0)
[14056:15984:0817/162500.128:INFO:CONSOLE(422)] "Powered by AMP ⚡ HTML – Version 2008102328000 https://www.w3schools.com/html/html_tables.asp", source: https://cdn.ampproject.org/rtv/012008102328000/amp4ads-v0.js (422)
[14056:15984:0817/162828.288:INFO:CONSOLE(0)] "Access to XMLHttpRequest at 'https://i.connectad.io/api/v2' from origin 'https://www.w3schools.com' has been blocked by CORS policy: No 'Access-Control-Allow-Origin' header is present on the requested resource.", source: https://www.w3schools.com/html/html_tables.asp (0)
[14056:15984:0817/162830.693:INFO:CONSOLE(422)] "Powered by AMP ⚡ HTML – Version 2008102328000 https://www.w3schools.com/html/html_tables.asp", source: https://cdn.ampproject.org/rtv/012008102328000/amp4ads-v0.js (422)
[14056:15984:0817/162830.902:INFO:CONSOLE(21)] "[amp-analytics/transport] Response unparseable or failed to send image request https://securepubads.g.doubleclick.net/pcs/view?xai=AKAOjsseKyjw4Ei8ZZ6ppThcJMTeQsYgvRzaSk2GOKkO8hgaR12zebUgyA-SJNFozRRmDuMkG0fp0lQnH3Wq3Omxg-jej3LGcDWEQjqdAIu8kOGTVL8jKORXGnGE5ei1Kuq0J0EO2aaLsd1EInpoZsqA3g6jBnG-zOOdJIX8A8uyD1D2mVQwj8Zt0cp1CInDD8q1Y9rcCOUOhVChp4PQuDKRjD4pz5RZkYw45_QMa9pHHv4vWAgs1kI1gnkpujlANlUTW-fjE-cHd7xGGjrt3hB97fMyC5LR8XvVu9l5UK5WObKn9FlJ&sig=Cg0ArKJSzOtKS2IqIs1tEAE&adurl=", source: https://cdn.ampproject.org/rtv/012008102328000/amp4ads-v0.js (21)
[14056:15984:0817/162901.650:INFO:CONSOLE(0)] "Access to XMLHttpRequest at 'https://i.connectad.io/api/v2' from origin 'https://www.w3schools.com' has been blocked by CORS policy: No 'Access-Control-Allow-Origin' header is present on the requested resource.", source: https://www.w3schools.com/html/html_tables.asp (0)
[14056:15984:0817/162905.094:INFO:CONSOLE(422)] "Powered by AMP ⚡ HTML – Version 2008102328000 https://www.w3schools.com/html/html_tables.asp", source: https://cdn.ampproject.org/rtv/012008102328000/amp4ads-v0.js (422)
[14056:15984:0817/163306.648:INFO:CONSOLE(0)] "Access to XMLHttpRequest at 'https://i.connectad.io/api/v2' from origin 'https://www.w3schools.com' has been blocked by CORS policy: No 'Access-Control-Allow-Origin' header is present on the requested resource.", source: https://www.w3schools.com/html/html_tables.asp (0)
[14056:15984:0817/163310.256:INFO:CONSOLE(422)] "Powered by AMP ⚡ HTML – Version 2008102328000 https://www.w3schools.com/html/html_tables.asp", source: https://cdn.ampproject.org/rtv/012008102328000/amp4ads-v0.js (422)
[14056:15984:0817/163711.647:INFO:CONSOLE(0)] "Access to XMLHttpRequest at 'https://i.connectad.io/api/v2' from origin 'https://www.w3schools.com' has been blocked by CORS policy: No 'Access-Control-Allow-Origin' header is present on the requested resource.", source: https://www.w3schools.com/html/html_tables.asp (0)
[14056:15984:0817/163715.210:INFO:CONSOLE(422)] "Powered by AMP ⚡ HTML – Version 2008102328000 https://www.w3schools.com/html/html_tables.asp", source: https://cdn.ampproject.org/rtv/012008102328000/amp4ads-v0.js (422)
[14056:15984:0817/163820.956:INFO:CONSOLE(0)] "A cookie associated with a cross-site resource at http://www.google.com/ was set without the `SameSite` attribute. A future release of Chrome will only deliver cookies with cross-site requests if they are set with `SameSite=None` and `Secure`. You can review cookies in developer tools under Application>Storage>Cookies and see more details at https://www.chromestatus.com/feature/5088147346030592 and https://www.chromestatus.com/feature/5633521622188032.", source: https://stackoverflow.com/questions/7263824/get-html-source-of-webelement-in-selenium-webdriver-using-python (0)
[14056:15984:0817/163821.090:INFO:CONSOLE(0)] "A cookie associated with a cross-site resource at http://yahoo.com/ was set without the `SameSite` attribute. A future release of Chrome will only deliver cookies with cross-site requests if they are set with `SameSite=None` and `Secure`. You can review cookies in developer tools under Application>Storage>Cookies and see more details at https://www.chromestatus.com/feature/5088147346030592 and https://www.chromestatus.com/feature/5633521622188032.", source: https://stackoverflow.com/questions/7263824/get-html-source-of-webelement-in-selenium-webdriver-using-python (0)
[14056:15984:0817/163821.090:INFO:CONSOLE(0)] "A cookie associated with a cross-site resource at https://yahoo.com/ was set without the `SameSite` attribute. A future release of Chrome will only deliver cookies with cross-site requests if they are set with `SameSite=None` and `Secure`. You can review cookies in developer tools under Application>Storage>Cookies and see more details at https://www.chromestatus.com/feature/5088147346030592 and https://www.chromestatus.com/feature/5633521622188032.", source: https://stackoverflow.com/questions/7263824/get-html-source-of-webelement-in-selenium-webdriver-using-python (0)
[14056:15984:0817/163822.580:INFO:CONSOLE(32)] "Application Cache API use is deprecated and will be removed in M85, around August 2020. See https://www.chromestatus.com/features/6192449487634432 for more details.", source: https://static.adsafeprotected.com/sca.17.4.114.js (32)
[14056:15984:0817/163822.645:INFO:CONSOLE(32)] "The AudioContext was not allowed to start. It must be resumed (or created) after a user gesture on the page. https://goo.gl/7K7WLu", source: https://static.adsafeprotected.com/sca.17.4.114.js (32)
[14056:15984:0817/163822.646:INFO:CONSOLE(32)] "a: 0.0029296875ms", source: https://static.adsafeprotected.com/sca.17.4.114.js (32)
[14056:15984:0817/163831.654:INFO:CONSOLE(12)] "Deprecated property or method 'Ticker.setFPS'. See docs for info.", source: https://code.createjs.com/1.0.0/createjs.min.js (12)
[14056:15984:0817/163831.867:INFO:CONSOLE(12)] "Deprecated property or method 'Ticker.setFPS'. See docs for info.", source: https://code.createjs.com/1.0.0/createjs.min.js (12)
[14056:15984:0817/163841.986:INFO:CONSOLE(0)] "A cookie associated with a cross-site resource at http://www.google.com/ was set without the `SameSite` attribute. A future release of Chrome will only deliver cookies with cross-site requests if they are set with `SameSite=None` and `Secure`. You can review cookies in developer tools under Application>Storage>Cookies and see more details at https://www.chromestatus.com/feature/5088147346030592 and https://www.chromestatus.com/feature/5633521622188032.", source: https://www.it-swarm.dev/pt/python/obtenha-fonte-html-do-webelement-no-selenium-webdriver-usando-python/940457692/ (0)
[20268:18096:0817/164046.649:ERROR:cache_util_win.cc(21)] Unable to move the cache: Access is denied. (0x5)
[20268:18096:0817/164046.649:ERROR:cache_util.cc(139)] Unable to move cache folder C:\Users\smurilogs\Google Drive\_projects\utility-etl\chrome-data\ShaderCache\GPUCache to C:\Users\smurilogs\Google Drive\_projects\utility-etl\chrome-data\ShaderCache\old_GPUCache_000
[20268:18096:0817/164046.650:ERROR:disk_cache.cc(184)] Unable to create cache
[20268:18096:0817/164046.650:ERROR:shader_disk_cache.cc(606)] Shader Cache Creation failed: -2
[14056:15984:0817/164046.930:WARNING:CONSOLE(0)] "A cookie associated with a cross-site resource at http://www.google.com/ was set without the `SameSite` attribute. A future release of Chrome will only deliver cookies with cross-site requests if they are set with `SameSite=None` and `Secure`. You can review cookies in developer tools under Application>Storage>Cookies and see more details at https://www.chromestatus.com/feature/5088147346030592 and https://www.chromestatus.com/feature/5633521622188032.", source: chrome-search://local-ntp/local-ntp.html (0)
[14056:15984:0817/211607.539:INFO:CONSOLE(21)] "[amp-analytics/transport] Response unparseable or failed to send image request https://securepubads.g.doubleclick.net/pcs/view?xai=AKAOjsucGbBGMlNnCwfdlVbCXkyTPiSrDW5ID0EH8AI8zNUn2hJI7Gc86PoVydHltSfrguqgrtMWdv27EjO3b3JfE8_JbsGJYM7qfFxsc2-p-3m4xeu26rYFKqg0rqDbemrhj1MjkrSGJGhDRV83uGi-hwtBPVtOILrtwXMAN2APnGPSFiWK4wHajzT-vmwtu00w1GDYFKjpoXBlKHoZUQLQKcDJYk0vgeCBQpdg_Fdqx146eoaBMhklgYiID4F8h8v696KoWzc_1c32KhxTdxdaWxUaPQWBWG03QZlTgx3mIWPyqd4T&sig=Cg0ArKJSzKoQkLXDX39oEAE&adurl=", source: https://cdn.ampproject.org/rtv/012008102328000/amp4ads-v0.js (21)
[14056:15984:0817/211615.095:WARNING:pref_notifier_impl.cc(40)] Pref observer for media_router.cast_allow_all_ips found at shutdown.
